# JRE version: OpenJDK Runtime Environment Temurin-21.0.10+7 (21.0.10+7) (build 21.0.10+7-LTS)
# Java VM: OpenJDK 64-Bit Server VM Temurin-21.0.10+7 (21.0.10+7-LTS, mixed mode, sharing, tiered, compressed oops, compressed class ptrs, parallel gc, windows-amd64)
GC Precious Log:
 CardTable entry size: 512
 CPUs: 8 total, 8 available
 Memory: 7918M
 Large Page Support: Disabled
 NUMA Support: Disabled
 Compressed Oops: Enabled (32-bit)
 Alignments: Space 512K, Generation 512K, Heap 2M
 Heap Min Capacity: 100M
 Heap Initial Capacity: 100M
 Heap Max Capacity: 2G
 Pre-touch: Disabled
 Parallel Workers: 8
Heap:
 PSYoungGen      total 3584K, used 2709K [0x00000000d5580000, 0x00000000d5a00000, 0x0000000100000000)
  eden space 2560K, 93% used [0x00000000d5580000,0x00000000d57d5510,0x00000000d5800000)
  from space 1024K, 31% used [0x00000000d5800000,0x00000000d5850000,0x00000000d5900000)
  to   space 1024K, 0% used [0x00000000d5900000,0x00000000d5900000,0x00000000d5a00000)
 ParOldGen       total 265728K, used 265622K [0x0000000080000000, 0x0000000090380000, 0x00000000d5580000)
  object space 265728K, 99% used [0x0000000080000000,0x0000000090365aa0,0x0000000090380000)
 Metaspace       used 93203K, committed 94976K, reserved 1179648K
  class space    used 10828K, committed 11776K, reserved 1048576K
GC Heap History (20 events):
Event: 22319.214 GC heap before
{Heap before GC invocations=4807 (full 5):
 PSYoungGen      total 3584K, used 3576K [0x00000000d5580000, 0x00000000d5d80000, 0x0000000100000000)
  eden space 2560K, 100% used [0x00000000d5580000,0x00000000d5800000,0x00000000d5800000)
  from space 1024K, 99% used [0x00000000d5800000,0x00000000d58fe020,0x00000000d5900000)
  to   space 2560K, 0% used [0x00000000d5b00000,0x00000000d5b00000,0x00000000d5d80000)
 ParOldGen       total 256512K, used 256343K [0x0000000080000000, 0x000000008fa80000, 0x00000000d5580000)
  object space 256512K, 99% used [0x0000000080000000,0x000000008fa55f40,0x000000008fa80000)
 Metaspace       used 93186K, committed 94976K, reserved 1179648K
  class space    used 10828K, committed 11776K, reserved 1048576K
}
Event: 22319.216 GC heap after
{Heap after GC invocations=4807 (full 5):
 PSYoungGen      total 5120K, used 1542K [0x00000000d5580000, 0x00000000d5d00000, 0x0000000100000000)
  eden space 3072K, 0% used [0x00000000d5580000,0x00000000d5580000,0x00000000d5880000)
  from space 2048K, 75% used [0x00000000d5b00000,0x00000000d5c81830,0x00000000d5d00000)
  to   space 2048K, 0% used [0x00000000d5900000,0x00000000d5900000,0x00000000d5b00000)
 ParOldGen       total 257536K, used 257295K [0x0000000080000000, 0x000000008fb80000, 0x00000000d5580000)
  object space 257536K, 99% used [0x0000000080000000,0x000000008fb43f40,0x000000008fb80000)
 Metaspace       used 93186K, committed 94976K, reserved 1179648K
  class space    used 10828K, committed 11776K, reserved 1048576K
}
Event: 22326.583 GC heap before
{Heap before GC invocations=4808 (full 5):
 PSYoungGen      total 5120K, used 4614K [0x00000000d5580000, 0x00000000d5d00000, 0x0000000100000000)
  eden space 3072K, 100% used [0x00000000d5580000,0x00000000d5880000,0x00000000d5880000)
  from space 2048K, 75% used [0x00000000d5b00000,0x00000000d5c81830,0x00000000d5d00000)
  to   space 2048K, 0% used [0x00000000d5900000,0x00000000d5900000,0x00000000d5b00000)
 ParOldGen       total 257536K, used 257295K [0x0000000080000000, 0x000000008fb80000, 0x00000000d5580000)
  object space 257536K, 99% used [0x0000000080000000,0x000000008fb43f40,0x000000008fb80000)
 Metaspace       used 93191K, committed 94976K, reserved 1179648K
  class space    used 10828K, committed 11776K, reserved 1048576K
}
Event: 22326.585 GC heap after
{Heap after GC invocations=4808 (full 5):
 PSYoungGen      total 4096K, used 512K [0x00000000d5580000, 0x00000000d5b80000, 0x0000000100000000)
  eden space 3584K, 0% used [0x00000000d5580000,0x00000000d5580000,0x00000000d5900000)
  from space 512K, 100% used [0x00000000d5900000,0x00000000d5980000,0x00000000d5980000)
  to   space 1024K, 0% used [0x00000000d5a80000,0x00000000d5a80000,0x00000000d5b80000)
 ParOldGen       total 258560K, used 258253K [0x0000000080000000, 0x000000008fc80000, 0x00000000d5580000)
  object space 258560K, 99% used [0x0000000080000000,0x000000008fc33770,0x000000008fc80000)
 Metaspace       used 93191K, committed 94976K, reserved 1179648K
  class space    used 10828K, committed 11776K, reserved 1048576K
}
Event: 22326.593 GC heap before
{Heap before GC invocations=4809 (full 5):
 PSYoungGen      total 4096K, used 4096K [0x00000000d5580000, 0x00000000d5b80000, 0x0000000100000000)
  eden space 3584K, 100% used [0x00000000d5580000,0x00000000d5900000,0x00000000d5900000)
  from space 512K, 100% used [0x00000000d5900000,0x00000000d5980000,0x00000000d5980000)
  to   space 1024K, 0% used [0x00000000d5a80000,0x00000000d5a80000,0x00000000d5b80000)
 ParOldGen       total 258560K, used 258253K [0x0000000080000000, 0x000000008fc80000, 0x00000000d5580000)
  object space 258560K, 99% used [0x0000000080000000,0x000000008fc33770,0x000000008fc80000)
 Metaspace       used 93191K, committed 94976K, reserved 1179648K
  class space    used 10828K, committed 11776K, reserved 1048576K
}
Event: 22326.595 GC heap after
{Heap after GC invocations=4809 (full 5):
 PSYoungGen      total 3072K, used 998K [0x00000000d5580000, 0x00000000d6000000, 0x0000000100000000)
  eden space 2048K, 0% used [0x00000000d5580000,0x00000000d5580000,0x00000000d5780000)
  from space 1024K, 97% used [0x00000000d5a80000,0x00000000d5b79b70,0x00000000d5b80000)
  to   space 3072K, 0% used [0x00000000d5780000,0x00000000d5780000,0x00000000d5a80000)
 ParOldGen       total 260096K, used 259705K [0x0000000080000000, 0x000000008fe00000, 0x00000000d5580000)
  object space 260096K, 99% used [0x0000000080000000,0x000000008fd9e7e0,0x000000008fe00000)
 Metaspace       used 93191K, committed 94976K, reserved 1179648K
  class space    used 10828K, committed 11776K, reserved 1048576K
}
Event: 22326.598 GC heap before
{Heap before GC invocations=4810 (full 5):
 PSYoungGen      total 3072K, used 3046K [0x00000000d5580000, 0x00000000d6000000, 0x0000000100000000)
  eden space 2048K, 100% used [0x00000000d5580000,0x00000000d5780000,0x00000000d5780000)
  from space 1024K, 97% used [0x00000000d5a80000,0x00000000d5b79b70,0x00000000d5b80000)
  to   space 3072K, 0% used [0x00000000d5780000,0x00000000d5780000,0x00000000d5a80000)
 ParOldGen       total 260096K, used 259705K [0x0000000080000000, 0x000000008fe00000, 0x00000000d5580000)
  object space 260096K, 99% used [0x0000000080000000,0x000000008fd9e7e0,0x000000008fe00000)
 Metaspace       used 93192K, committed 94976K, reserved 1179648K
  class space    used 10828K, committed 11776K, reserved 1048576K
}
Event: 22326.600 GC heap after
{Heap after GC invocations=4810 (full 5):
 PSYoungGen      total 3584K, used 1296K [0x00000000d5580000, 0x00000000d5c00000, 0x0000000100000000)
  eden space 2048K, 0% used [0x00000000d5580000,0x00000000d5580000,0x00000000d5780000)
  from space 1536K, 84% used [0x00000000d5780000,0x00000000d58c4020,0x00000000d5900000)
  to   space 2048K, 0% used [0x00000000d5a00000,0x00000000d5a00000,0x00000000d5c00000)
 ParOldGen       total 261120K, used 260935K [0x0000000080000000, 0x000000008ff00000, 0x00000000d5580000)
  object space 261120K, 99% used [0x0000000080000000,0x000000008fed1e80,0x000000008ff00000)
 Metaspace       used 93192K, committed 94976K, reserved 1179648K
  class space    used 10828K, committed 11776K, reserved 1048576K
}
Event: 22326.609 GC heap before
{Heap before GC invocations=4811 (full 5):
 PSYoungGen      total 3584K, used 3344K [0x00000000d5580000, 0x00000000d5c00000, 0x0000000100000000)
  eden space 2048K, 100% used [0x00000000d5580000,0x00000000d5780000,0x00000000d5780000)
  from space 1536K, 84% used [0x00000000d5780000,0x00000000d58c4020,0x00000000d5900000)
  to   space 2048K, 0% used [0x00000000d5a00000,0x00000000d5a00000,0x00000000d5c00000)
 ParOldGen       total 261120K, used 260935K [0x0000000080000000, 0x000000008ff00000, 0x00000000d5580000)
  object space 261120K, 99% used [0x0000000080000000,0x000000008fed1e80,0x000000008ff00000)
 Metaspace       used 93192K, committed 94976K, reserved 1179648K
  class space    used 10828K, committed 11776K, reserved 1048576K
}
Event: 22326.612 GC heap after
{Heap after GC invocations=4811 (full 5):
 PSYoungGen      total 3072K, used 512K [0x00000000d5580000, 0x00000000d5a80000, 0x0000000100000000)
  eden space 2560K, 0% used [0x00000000d5580000,0x00000000d5580000,0x00000000d5800000)
  from space 512K, 100% used [0x00000000d5a00000,0x00000000d5a80000,0x00000000d5a80000)
  to   space 1024K, 0% used [0x00000000d5880000,0x00000000d5880000,0x00000000d5980000)
 ParOldGen       total 262144K, used 261725K [0x0000000080000000, 0x0000000090000000, 0x00000000d5580000)
  object space 262144K, 99% used [0x0000000080000000,0x000000008ff976b0,0x0000000090000000)
 Metaspace       used 93192K, committed 94976K, reserved 1179648K
  class space    used 10828K, committed 11776K, reserved 1048576K
}
Event: 22334.249 GC heap before
{Heap before GC invocations=4812 (full 5):
 PSYoungGen      total 3072K, used 2916K [0x00000000d5580000, 0x00000000d5a80000, 0x0000000100000000)
  eden space 2560K, 93% used [0x00000000d5580000,0x00000000d57d93d0,0x00000000d5800000)
  from space 512K, 100% used [0x00000000d5a00000,0x00000000d5a80000,0x00000000d5a80000)
  to   space 1024K, 0% used [0x00000000d5880000,0x00000000d5880000,0x00000000d5980000)
 ParOldGen       total 262144K, used 261725K [0x0000000080000000, 0x0000000090000000, 0x00000000d5580000)
  object space 262144K, 99% used [0x0000000080000000,0x000000008ff976b0,0x0000000090000000)
 Metaspace       used 93194K, committed 94976K, reserved 1179648K
  class space    used 10828K, committed 11776K, reserved 1048576K
}
Event: 22334.251 GC heap after
{Heap after GC invocations=4812 (full 5):
 PSYoungGen      total 3584K, used 816K [0x00000000d5580000, 0x00000000d5a80000, 0x0000000100000000)
  eden space 2560K, 0% used [0x00000000d5580000,0x00000000d5580000,0x00000000d5800000)
  from space 1024K, 79% used [0x00000000d5880000,0x00000000d594c050,0x00000000d5980000)
  to   space 1024K, 0% used [0x00000000d5980000,0x00000000d5980000,0x00000000d5a80000)
 ParOldGen       total 262144K, used 262117K [0x0000000080000000, 0x0000000090000000, 0x00000000d5580000)
  object space 262144K, 99% used [0x0000000080000000,0x000000008fff96b0,0x0000000090000000)
 Metaspace       used 93194K, committed 94976K, reserved 1179648K
  class space    used 10828K, committed 11776K, reserved 1048576K
}
Event: 22334.255 GC heap before
{Heap before GC invocations=4813 (full 5):
 PSYoungGen      total 3584K, used 3376K [0x00000000d5580000, 0x00000000d5a80000, 0x0000000100000000)
  eden space 2560K, 100% used [0x00000000d5580000,0x00000000d5800000,0x00000000d5800000)
  from space 1024K, 79% used [0x00000000d5880000,0x00000000d594c050,0x00000000d5980000)
  to   space 1024K, 0% used [0x00000000d5980000,0x00000000d5980000,0x00000000d5a80000)
 ParOldGen       total 262144K, used 262117K [0x0000000080000000, 0x0000000090000000, 0x00000000d5580000)
  object space 262144K, 99% used [0x0000000080000000,0x000000008fff96b0,0x0000000090000000)
 Metaspace       used 93195K, committed 94976K, reserved 1179648K
  class space    used 10828K, committed 11776K, reserved 1048576K
}
Event: 22334.257 GC heap after
{Heap after GC invocations=4813 (full 5):
 PSYoungGen      total 2560K, used 998K [0x00000000d5580000, 0x00000000d5d80000, 0x0000000100000000)
  eden space 1536K, 0% used [0x00000000d5580000,0x00000000d5580000,0x00000000d5700000)
  from space 1024K, 97% used [0x00000000d5980000,0x00000000d5a79b70,0x00000000d5a80000)
  to   space 2560K, 0% used [0x00000000d5700000,0x00000000d5700000,0x00000000d5980000)
 ParOldGen       total 263680K, used 263249K [0x0000000080000000, 0x0000000090180000, 0x00000000d5580000)
  object space 263680K, 99% used [0x0000000080000000,0x0000000090114720,0x0000000090180000)
 Metaspace       used 93195K, committed 94976K, reserved 1179648K
  class space    used 10828K, committed 11776K, reserved 1048576K
}
Event: 22334.258 GC heap before
{Heap before GC invocations=4814 (full 5):
 PSYoungGen      total 2560K, used 2534K [0x00000000d5580000, 0x00000000d5d80000, 0x0000000100000000)
  eden space 1536K, 100% used [0x00000000d5580000,0x00000000d5700000,0x00000000d5700000)
  from space 1024K, 97% used [0x00000000d5980000,0x00000000d5a79b70,0x00000000d5a80000)
  to   space 2560K, 0% used [0x00000000d5700000,0x00000000d5700000,0x00000000d5980000)
 ParOldGen       total 263680K, used 263249K [0x0000000080000000, 0x0000000090180000, 0x00000000d5580000)
  object space 263680K, 99% used [0x0000000080000000,0x0000000090114720,0x0000000090180000)
 Metaspace       used 93195K, committed 94976K, reserved 1179648K
  class space    used 10828K, committed 11776K, reserved 1048576K
}
Event: 22334.260 GC heap after
{Heap after GC invocations=4814 (full 5):
 PSYoungGen      total 3072K, used 1062K [0x00000000d5580000, 0x00000000d5a80000, 0x0000000100000000)
  eden space 1536K, 0% used [0x00000000d5580000,0x00000000d5580000,0x00000000d5700000)
  from space 1536K, 69% used [0x00000000d5700000,0x00000000d5809830,0x00000000d5880000)
  to   space 1536K, 0% used [0x00000000d5900000,0x00000000d5900000,0x00000000d5a80000)
 ParOldGen       total 264192K, used 264176K [0x0000000080000000, 0x0000000090200000, 0x00000000d5580000)
  object space 264192K, 99% used [0x0000000080000000,0x00000000901fc270,0x0000000090200000)
 Metaspace       used 93195K, committed 94976K, reserved 1179648K
  class space    used 10828K, committed 11776K, reserved 1048576K
}
Event: 22334.262 GC heap before
{Heap before GC invocations=4815 (full 5):
 PSYoungGen      total 3072K, used 2598K [0x00000000d5580000, 0x00000000d5a80000, 0x0000000100000000)
  eden space 1536K, 99% used [0x00000000d5580000,0x00000000d56ffff0,0x00000000d5700000)
  from space 1536K, 69% used [0x00000000d5700000,0x00000000d5809830,0x00000000d5880000)
  to   space 1536K, 0% used [0x00000000d5900000,0x00000000d5900000,0x00000000d5a80000)
 ParOldGen       total 264192K, used 264176K [0x0000000080000000, 0x0000000090200000, 0x00000000d5580000)
  object space 264192K, 99% used [0x0000000080000000,0x00000000901fc270,0x0000000090200000)
 Metaspace       used 93195K, committed 94976K, reserved 1179648K
  class space    used 10828K, committed 11776K, reserved 1048576K
}
Event: 22334.263 GC heap after
{Heap after GC invocations=4815 (full 5):
 PSYoungGen      total 3072K, used 896K [0x00000000d5580000, 0x00000000d5a00000, 0x0000000100000000)
  eden space 2048K, 0% used [0x00000000d5580000,0x00000000d5580000,0x00000000d5780000)
  from space 1024K, 87% used [0x00000000d5900000,0x00000000d59e0000,0x00000000d5a00000)
  to   space 1024K, 0% used [0x00000000d5800000,0x00000000d5800000,0x00000000d5900000)
 ParOldGen       total 265216K, used 265110K [0x0000000080000000, 0x0000000090300000, 0x00000000d5580000)
  object space 265216K, 99% used [0x0000000080000000,0x00000000902e5aa0,0x0000000090300000)
 Metaspace       used 93195K, committed 94976K, reserved 1179648K
  class space    used 10828K, committed 11776K, reserved 1048576K
}
Event: 22336.834 GC heap before
{Heap before GC invocations=4816 (full 5):
 PSYoungGen      total 3072K, used 2943K [0x00000000d5580000, 0x00000000d5a00000, 0x0000000100000000)
  eden space 2048K, 99% used [0x00000000d5580000,0x00000000d577fc78,0x00000000d5780000)
  from space 1024K, 87% used [0x00000000d5900000,0x00000000d59e0000,0x00000000d5a00000)
  to   space 1024K, 0% used [0x00000000d5800000,0x00000000d5800000,0x00000000d5900000)
 ParOldGen       total 265216K, used 265110K [0x0000000080000000, 0x0000000090300000, 0x00000000d5580000)
  object space 265216K, 99% used [0x0000000080000000,0x00000000902e5aa0,0x0000000090300000)
 Metaspace       used 93203K, committed 94976K, reserved 1179648K
  class space    used 10828K, committed 11776K, reserved 1048576K
}
Event: 22336.836 GC heap after
{Heap after GC invocations=4816 (full 5):
 PSYoungGen      total 3584K, used 320K [0x00000000d5580000, 0x00000000d5a00000, 0x0000000100000000)
  eden space 2560K, 0% used [0x00000000d5580000,0x00000000d5580000,0x00000000d5800000)
  from space 1024K, 31% used [0x00000000d5800000,0x00000000d5850000,0x00000000d5900000)
  to   space 1024K, 0% used [0x00000000d5900000,0x00000000d5900000,0x00000000d5a00000)
 ParOldGen       total 265728K, used 265622K [0x0000000080000000, 0x0000000090380000, 0x00000000d5580000)
  object space 265728K, 99% used [0x0000000080000000,0x0000000090365aa0,0x0000000090380000)
 Metaspace       used 93203K, committed 94976K, reserved 1179648K
  class space    used 10828K, committed 11776K, reserved 1048576K
}

